build/app/intermediates/manifest_merge_blame_file/debug/manifest-merger-blame-debug-report.txt
1<?xml version="1.0" encoding="utf-8"?>
2<manifest xmlns:android="http://schemas.android.com/apk/res/android"
3    package="com.example.flow_draw"
4    android:versionCode="1"
5    android:versionName="0.0.1" >
6
7    <uses-sdk
8        android:minSdkVersion="21"
9        android:targetSdkVersion="33" />
10    <!--
11         The INTERNET permission is required for development. Specifically,
12         the Flutter tool needs it to communicate with the running application
13         to allow setting breakpoints, to provide hot reload, etc.
14    -->
15    <uses-permission android:name="android.permission.INTERNET" />
15-->src\debug\AndroidManifest.xml:7:5-66
15-->src\debug\AndroidManifest.xml:7:22-64
16    <uses-permission android:name="android.permission.READ_EXTERNAL_STORAGE" /> <!-- required for API 18 - 30 -->
16-->src\main\AndroidManifest.xml:35:5-79
16-->src\main\AndroidManifest.xml:35:22-77
17    <uses-permission
17-->[:reactive_ble_mobile] AndroidManifest.xml:10:5-12:38
18        android:name="android.permission.BLUETOOTH"
18-->[:reactive_ble_mobile] AndroidManifest.xml:11:9-52
19        android:maxSdkVersion="30" />
19-->[:reactive_ble_mobile] AndroidManifest.xml:12:9-35
20    <uses-permission
20-->[:reactive_ble_mobile] AndroidManifest.xml:13:5-15:38
21        android:name="android.permission.BLUETOOTH_ADMIN"
21-->[:reactive_ble_mobile] AndroidManifest.xml:14:9-58
22        android:maxSdkVersion="30" /> <!-- required for API 23 - 30, no android:maxSdkVersion because of a potential breaking change -->
22-->[:reactive_ble_mobile] AndroidManifest.xml:15:9-35
23    <!-- TODO: add android:maxSdkVersion on 2.0.0 -->
24    <uses-permission-sdk-23 android:name="android.permission.ACCESS_COARSE_LOCATION" />
24-->[com.polidea.rxandroidble2:rxandroidble:1.16.0] AndroidManifest.xml:18:5-88
24-->[com.polidea.rxandroidble2:rxandroidble:1.16.0] AndroidManifest.xml:18:29-85
25    <uses-permission-sdk-23 android:name="android.permission.ACCESS_FINE_LOCATION" /> <!-- API 31+ -->
25-->[com.polidea.rxandroidble2:rxandroidble:1.16.0] AndroidManifest.xml:19:5-86
25-->[com.polidea.rxandroidble2:rxandroidble:1.16.0] AndroidManifest.xml:19:29-83
26    <uses-permission android:name="android.permission.BLUETOOTH_CONNECT" />
26-->[com.polidea.rxandroidble2:rxandroidble:1.16.0] AndroidManifest.xml:21:5-76
26-->[com.polidea.rxandroidble2:rxandroidble:1.16.0] AndroidManifest.xml:21:22-73
27    <uses-permission
27-->[com.polidea.rxandroidble2:rxandroidble:1.16.0] AndroidManifest.xml:22:5-25:31
28        android:name="android.permission.BLUETOOTH_SCAN"
28-->[com.polidea.rxandroidble2:rxandroidble:1.16.0] AndroidManifest.xml:23:9-57
29        android:usesPermissionFlags="neverForLocation" />
29-->[com.polidea.rxandroidble2:rxandroidble:1.16.0] AndroidManifest.xml:24:9-55
30
31    <application
32        android:name="android.app.Application"
33        android:appComponentFactory="androidx.core.app.CoreComponentFactory"
33-->[androidx.core:core:1.6.0] AndroidManifest.xml:24:18-86
34        android:debuggable="true"
35        android:icon="@mipmap/ic_launcher"
36        android:label="flow_draw"
37        android:requestLegacyExternalStorage="true" >
38        <activity
39            android:name="com.example.flow_draw.MainActivity"
40            android:configChanges="orientation|keyboardHidden|keyboard|screenSize|smallestScreenSize|locale|layoutDirection|fontScale|screenLayout|density|uiMode"
41            android:exported="true"
42            android:hardwareAccelerated="true"
43            android:launchMode="singleTop"
44            android:theme="@style/LaunchTheme"
45            android:windowSoftInputMode="adjustResize" >
46
47            <!--
48                 Specifies an Android theme to apply to this Activity as soon as
49                 the Android process has started. This theme is visible to the user
50                 while the Flutter UI initializes. After that, this theme continues
51                 to determine the Window background behind the Flutter UI.
52            -->
53            <meta-data
54                android:name="io.flutter.embedding.android.NormalTheme"
55                android:resource="@style/NormalTheme" />
56
57            <intent-filter>
58                <action android:name="android.intent.action.MAIN" />
59
60                <category android:name="android.intent.category.LAUNCHER" />
61            </intent-filter>
62        </activity>
63        <!--
64             Don't delete the meta-data below.
65             This is used by the Flutter tool to generate GeneratedPluginRegistrant.java
66        -->
67        <meta-data
68            android:name="flutterEmbedding"
69            android:value="2" />
70
71        <uses-library
71-->[androidx.window:window:1.0.0-beta04] AndroidManifest.xml:25:9-27:40
72            android:name="androidx.window.extensions"
72-->[androidx.window:window:1.0.0-beta04] AndroidManifest.xml:26:13-54
73            android:required="false" />
73-->[androidx.window:window:1.0.0-beta04] AndroidManifest.xml:27:13-37
74        <uses-library
74-->[androidx.window:window:1.0.0-beta04] AndroidManifest.xml:28:9-30:40
75            android:name="androidx.window.sidecar"
75-->[androidx.window:window:1.0.0-beta04] AndroidManifest.xml:29:13-51
76            android:required="false" />
76-->[androidx.window:window:1.0.0-beta04] AndroidManifest.xml:30:13-37
77    </application>
78
79</manifest>